&&&&&&&&&&&&&&&&&&&&&&&&&&&&&&&&&
nohup: ignoring input
2017/12/20 05:46:08 INFO: 监听地址:8360成功
QueryKeywordMsg: [上海延华智能科技(集团)股份有限公司 shanghai 0 1]
QueryKeywordMsg: [上海汽车集团股份有限公司 shanghai 0 2]
QueryKeywordMsg: [上海华信国际集团有限公司 shanghai 0 3]
QueryKeywordMsg: [上海电气（集团）总公司 shanghai 0 4]
QueryKeywordMsg: [世茂房地产控股有限公司 shanghai 0 5]
2017/12/20 05:46:17 INFO: 客户端[::1]:46671已经连接, 当前客户端数量为1
2017/12/20 05:46:17 INFO: 客户端[::1]:46671分发任务shanghai-上海延华智能科技(集团)股份有限公司
2017/12/20 05:46:17 INFO: 客户端[::1]:46671分发任务shanghai-上海汽车集团股份有限公司
2017/12/20 05:46:17 INFO: 客户端[::1]:46671分发任务shanghai-上海华信国际集团有限公司
2017/12/20 05:46:19 INFO: 客户端[::1]:46671响应shanghai-上海华信国际集团有限公司-OK-1
writeChan>>>>>>>>>>>>>> 上海华信国际集团有限公司+shanghai+0+3 shanghai OK
panic: runtime error: index out of range

goroutine 11 [running]:
main.writeLoop()
	/root/crawler/goproj/src/gsxt/gsxt/apps/grab/dispatcher.go:212 +0xe00
created by main.main
	/root/crawler/goproj/src/gsxt/gsxt/apps/grab/dispatcher.go:420 +0xbe9
nohup: ignoring input
2017/12/20 05:49:15 INFO: 监听地址:8360成功
QueryKeywordMsg: [上海延华智能科技(集团)股份有限公司 shanghai 0 1]
QueryKeywordMsg: [上海汽车集团股份有限公司 shanghai 0 2]
QueryKeywordMsg: [上海华信国际集团有限公司 shanghai 0 3]
QueryKeywordMsg: [上海电气（集团）总公司 shanghai 0 4]
QueryKeywordMsg: [世茂房地产控股有限公司 shanghai 0 5]
2017/12/20 05:49:20 INFO: 客户端[::1]:46690已经连接, 当前客户端数量为1
2017/12/20 05:49:20 INFO: 客户端[::1]:46690分发任务shanghai-上海延华智能科技(集团)股份有限公司
2017/12/20 05:49:20 INFO: 客户端[::1]:46690分发任务shanghai-上海汽车集团股份有限公司
2017/12/20 05:49:20 INFO: 客户端[::1]:46690分发任务shanghai-上海华信国际集团有限公司
2017/12/20 05:49:22 INFO: 客户端[::1]:46690响应shanghai-上海华信国际集团有限公司-OK-1
writeChan>>>>>>>>>>>>>> 上海华信国际集团有限公司+shanghai+0+3 shanghai OK
2017/12/20 05:49:22 INFO: 客户端[::1]:46690响应shanghai-上海延华智能科技(集团)股份有限公司-OK-1
注册号不存在！
2017/12/20 05:49:22 INFO: 客户端[::1]:46690分发任务shanghai-上海电气（集团）总公司
2017/12/20 05:49:22 INFO: 客户端[::1]:46690分发任务shanghai-世茂房地产控股有限公司
QueryKeywordMsg: [上海延华智能科技(集团)股份有限公司 shanghai 0 1]
QueryKeywordMsg: [上海汽车集团股份有限公司 shanghai 0 2]
QueryKeywordMsg: [上海华信国际集团有限公司 shanghai 0 3]
QueryKeywordMsg: [上海电气（集团）总公司 shanghai 0 4]
QueryKeywordMsg: [世茂房地产控股有限公司 shanghai 0 5]
1
writeChan>>>>>>>>>>>>>> 上海延华智能科技(集团)股份有限公司+shanghai+0+1 shanghai OK
注册号不存在！
2017/12/20 05:49:23 INFO: 客户端[::1]:46690响应shanghai-世茂房地产控股有限公司-NOT_FOUND-0
2017/12/20 05:49:23 INFO: 客户端[::1]:46690分发任务shanghai-上海延华智能科技(集团)股份有限公司
1
writeChan>>>>>>>>>>>>>> 世茂房地产控股有限公司+shanghai+0+5 shanghai NOT_FOUND
1
2017/12/20 05:49:25 INFO: 客户端[::1]:46690响应shanghai-上海延华智能科技(集团)股份有限公司-OK-1
writeChan>>>>>>>>>>>>>> 上海延华智能科技(集团)股份有限公司+shanghai+0+1 shanghai OK
注册号不存在！
0
2017/12/20 05:49:25 INFO: 客户端[::1]:46690分发任务shanghai-上海汽车集团股份有限公司
2017/12/20 05:49:34 INFO: 客户端[::1]:46690响应shanghai-上海汽车集团股份有限公司-OK-8
writeChan>>>>>>>>>>>>>> 上海汽车集团股份有限公司+shanghai+0+2 shanghai OK
注册号不存在！
注册号不存在！
注册号不存在！
注册号不存在！
注册号不存在！
注册号不存在！
注册号不存在！
注册号不存在！
2017/12/20 05:49:34 INFO: 客户端[::1]:46690分发任务shanghai-上海华信国际集团有限公司
1
2017/12/20 05:49:36 INFO: 客户端[::1]:46690响应shanghai-上海华信国际集团有限公司-OK-1
writeChan>>>>>>>>>>>>>> 上海华信国际集团有限公司+shanghai+0+3 shanghai OK
注册号不存在！
0
2017/12/20 05:49:36 INFO: 客户端[::1]:46690分发任务shanghai-上海电气（集团）总公司
QueryKeywordMsg: [上海电气（集团）总公司 shanghai 0 4]
2017/12/20 05:49:55 INFO: 客户端[::1]:46690响应shanghai-上海汽车集团股份有限公司-OK-8
writeChan>>>>>>>>>>>>>> 上海汽车集团股份有限公司+shanghai+0+2 shanghai OK
2017/12/20 05:49:55 INFO: 客户端[::1]:46690分发任务shanghai-世茂房地产控股有限公司
注册号不存在！
注册号不存在！
注册号不存在！
注册号不存在！
注册号不存在！
注册号不存在！
注册号不存在！
注册号不存在！
QueryKeywordMsg: [上海电气（集团）总公司 shanghai 0 4]
0
2017/12/20 05:49:56 INFO: 客户端[::1]:46690响应shanghai-世茂房地产控股有限公司-NOT_FOUND-0
writeChan>>>>>>>>>>>>>> 世茂房地产控股有限公司+shanghai+0+5 shanghai NOT_FOUND
0
2017/12/20 05:49:56 INFO: 客户端[::1]:46690分发任务shanghai-上海电气（集团）总公司
QueryKeywordMsg: [上海电气（集团）总公司 shanghai 0 4]
2017/12/20 05:51:21 INFO: 客户端[::1]:46690响应shanghai-上海电气（集团）总公司-OK-50
writeChan>>>>>>>>>>>>>> 上海电气（集团）总公司+shanghai+0+4 shanghai OK
2017/12/20 05:51:21 INFO: 客户端[::1]:46690分发任务shanghai-上海电气（集团）总公司
注册号不存在！
注册号不存在！
注册号不存在！
注册号不存在！
注册号不存在！
注册号不存在！
注册号不存在！
注册号不存在！
注册号不存在！
注册号不存在！
注册号不存在！
注册号不存在！
注册号不存在！
注册号不存在！
注册号不存在！
注册号不存在！
注册号不存在！
注册号不存在！
注册号不存在！
注册号不存在！
注册号不存在！
注册号不存在！
注册号不存在！
注册号不存在！
注册号不存在！
注册号不存在！
注册号不存在！
注册号不存在！
注册号不存在！
注册号不存在！
注册号不存在！
注册号不存在！
注册号不存在！
注册号不存在！
注册号不存在！
注册号不存在！
注册号不存在！
注册号不存在！
注册号不存在！
注册号不存在！
注册号不存在！
注册号不存在！
注册号不存在！
注册号不存在！
注册号不存在！
注册号不存在！
注册号不存在！
注册号不存在！
注册号不存在！
注册号不存在！
QueryKeywordMsg: [上海电气（集团）总公司 shanghai 0 4]
1
2017/12/20 05:51:28 INFO: 客户端[::1]:46690响应shanghai-上海电气（集团）总公司-OK-50
writeChan>>>>>>>>>>>>>> 上海电气（集团）总公司+shanghai+0+4 shanghai OK
注册号不存在！
注册号不存在！
注册号不存在！
注册号不存在！
注册号不存在！
注册号不存在！
注册号不存在！
注册号不存在！
注册号不存在！
注册号不存在！
注册号不存在！
注册号不存在！
注册号不存在！
注册号不存在！
注册号不存在！
注册号不存在！
注册号不存在！
注册号不存在！
注册号不存在！
注册号不存在！
注册号不存在！
注册号不存在！
注册号不存在！
注册号不存在！
注册号不存在！
注册号不存在！
注册号不存在！
注册号不存在！
注册号不存在！
注册号不存在！
注册号不存在！
注册号不存在！
注册号不存在！
注册号不存在！
注册号不存在！
注册号不存在！
注册号不存在！
注册号不存在！
注册号不存在！
注册号不存在！
注册号不存在！
注册号不存在！
注册号不存在！
注册号不存在！
注册号不存在！
注册号不存在！
注册号不存在！
注册号不存在！
注册号不存在！
注册号不存在！
2017/12/20 05:51:28 INFO: 客户端[::1]:46690分发任务shanghai-上海电气（集团）总公司
0
2017/12/20 05:51:37 INFO: 客户端[::1]:46690响应shanghai-上海电气（集团）总公司-OK-50
writeChan>>>>>>>>>>>>>> 上海电气（集团）总公司+shanghai+0+4 shanghai OK
2017/12/20 05:51:37 INFO: 客户端[::1]:46690分发任务shanghai-上海电气（集团）总公司
注册号不存在！
注册号不存在！
注册号不存在！
注册号不存在！
注册号不存在！
注册号不存在！
注册号不存在！
注册号不存在！
注册号不存在！
注册号不存在！
注册号不存在！
注册号不存在！
注册号不存在！
注册号不存在！
注册号不存在！
注册号不存在！
注册号不存在！
注册号不存在！
注册号不存在！
注册号不存在！
注册号不存在！
注册号不存在！
注册号不存在！
注册号不存在！
注册号不存在！
注册号不存在！
注册号不存在！
注册号不存在！
注册号不存在！
注册号不存在！
注册号不存在！
注册号不存在！
注册号不存在！
注册号不存在！
注册号不存在！
注册号不存在！
注册号不存在！
注册号不存在！
注册号不存在！
注册号不存在！
注册号不存在！
注册号不存在！
注册号不存在！
注册号不存在！
注册号不存在！
注册号不存在！
注册号不存在！
注册号不存在！
注册号不存在！
注册号不存在！
0
2017/12/20 05:56:45 WARN: 超时没返回数据，重试shanghai-上海电气（集团）总公司
2017/12/20 05:57:08 INFO: 客户端[::1]:46772已经连接, 当前客户端数量为1
2017/12/20 05:57:08 INFO: 客户端[::1]:46772分发任务shanghai-上海电气（集团）总公司
nohup: ignoring input
2017/12/20 06:01:37 INFO: 监听地址:8360成功
2017/12/20 06:01:41 INFO: 客户端[::1]:46783已经连接, 当前客户端数量为1
2017/12/20 06:04:48 INFO: 客户端[::1]:46785已经连接, 当前客户端数量为1
QueryKeywordMsg: [世茂房地产控股有限公司 shanghai 1 5]
QueryKeywordMsg: [世茂房地产控股有限公司 shanghai 1 5]
2017/12/20 06:06:17 INFO: 客户端[::1]:46787已经连接, 当前客户端数量为1
2017/12/20 06:06:17 INFO: 客户端[::1]:46787分发任务shanghai-世茂房地产控股有限公司
2017/12/20 06:06:17 INFO: 客户端[::1]:46787分发任务shanghai-世茂房地产控股有限公司
QueryKeywordMsg: [世茂房地产控股有限公司 shanghai 1 5]
2017/12/20 06:06:17 INFO: 客户端[::1]:46787分发任务shanghai-世茂房地产控股有限公司
QueryKeywordMsg: [世茂房地产控股有限公司 shanghai 1 5]
QueryKeywordMsg: [世茂房地产控股有限公司 shanghai 1 5]
2017/12/20 06:06:18 INFO: 客户端[::1]:46787响应shanghai-世茂房地产控股有限公司-NOT_FOUND-0
writeChan>>>>>>>>>>>>>> 世茂房地产控股有限公司+shanghai+1+5 shanghai NOT_FOUND
2017/12/20 06:06:18 INFO: 客户端[::1]:46787响应shanghai-世茂房地产控股有限公司-NOT_FOUND-0
2017/12/20 06:06:18 INFO: 客户端[::1]:46787分发任务shanghai-世茂房地产控股有限公司
2017/12/20 06:06:18 INFO: 客户端[::1]:46787分发任务shanghai-世茂房地产控股有限公司
1
writeChan>>>>>>>>>>>>>> 世茂房地产控股有限公司+shanghai+1+5 shanghai NOT_FOUND
0
2017/12/20 06:06:18 INFO: 客户端[::1]:46787响应shanghai-世茂房地产控股有限公司-NOT_FOUND-0
writeChan>>>>>>>>>>>>>> 世茂房地产控股有限公司+shanghai+1+5 shanghai NOT_FOUND
0
2017/12/20 06:06:18 INFO: 客户端[::1]:46787响应shanghai-世茂房地产控股有限公司-NOT_FOUND-0
writeChan>>>>>>>>>>>>>> 世茂房地产控股有限公司+shanghai+1+5 shanghai NOT_FOUND
0
2017/12/20 06:06:18 INFO: 客户端[::1]:46787响应shanghai-世茂房地产控股有限公司-NOT_FOUND-0
writeChan>>>>>>>>>>>>>> 世茂房地产控股有限公司+shanghai+1+5 shanghai NOT_FOUND
0
2017/12/20 06:09:18 INFO: 客户端[::1]:46799已经连接, 当前客户端数量为1
2017/12/20 06:12:18 INFO: 客户端[::1]:46800已经连接, 当前客户端数量为1
2017/12/20 06:15:18 INFO: 客户端[::1]:46801已经连接, 当前客户端数量为1
2017/12/20 06:18:18 INFO: 客户端[::1]:46802已经连接, 当前客户端数量为1
2017/12/20 06:21:18 INFO: 客户端[::1]:46803已经连接, 当前客户端数量为1
2017/12/20 06:24:18 INFO: 客户端[::1]:46804已经连接, 当前客户端数量为1
2017/12/20 06:27:18 INFO: 客户端[::1]:46805已经连接, 当前客户端数量为1
2017/12/20 06:30:18 INFO: 客户端[::1]:46806已经连接, 当前客户端数量为1
2017/12/20 06:33:18 INFO: 客户端[::1]:46807已经连接, 当前客户端数量为1
2017/12/20 06:36:18 INFO: 客户端[::1]:46808已经连接, 当前客户端数量为1
2017/12/20 06:39:18 INFO: 客户端[::1]:46809已经连接, 当前客户端数量为1
2017/12/20 06:42:18 INFO: 客户端[::1]:46810已经连接, 当前客户端数量为1
2017/12/20 06:45:18 INFO: 客户端[::1]:46811已经连接, 当前客户端数量为1
2017/12/20 06:48:18 INFO: 客户端[::1]:46812已经连接, 当前客户端数量为1
2017/12/20 06:51:18 INFO: 客户端[::1]:46813已经连接, 当前客户端数量为1
2017/12/20 06:54:18 INFO: 客户端[::1]:46814已经连接, 当前客户端数量为1
2017/12/20 06:57:18 INFO: 客户端[::1]:46815已经连接, 当前客户端数量为1
2017/12/20 07:00:18 INFO: 客户端[::1]:46816已经连接, 当前客户端数量为1
2017/12/20 07:03:18 INFO: 客户端[::1]:46817已经连接, 当前客户端数量为1
2017/12/20 07:06:18 INFO: 客户端[::1]:46818已经连接, 当前客户端数量为1
2017/12/20 07:09:18 INFO: 客户端[::1]:46819已经连接, 当前客户端数量为1
2017/12/20 07:12:18 INFO: 客户端[::1]:46820已经连接, 当前客户端数量为1
2017/12/20 07:15:18 INFO: 客户端[::1]:46821已经连接, 当前客户端数量为1
2017/12/20 07:18:18 INFO: 客户端[::1]:46822已经连接, 当前客户端数量为1
2017/12/20 07:21:18 INFO: 客户端[::1]:46823已经连接, 当前客户端数量为1
2017/12/20 07:24:18 INFO: 客户端[::1]:46824已经连接, 当前客户端数量为1
2017/12/20 07:27:18 INFO: 客户端[::1]:46825已经连接, 当前客户端数量为1
2017/12/20 07:30:18 INFO: 客户端[::1]:46826已经连接, 当前客户端数量为1
2017/12/20 07:33:18 INFO: 客户端[::1]:46827已经连接, 当前客户端数量为1
2017/12/20 07:36:18 INFO: 客户端[::1]:46828已经连接, 当前客户端数量为1
2017/12/20 07:39:18 INFO: 客户端[::1]:46829已经连接, 当前客户端数量为1
2017/12/20 07:42:18 INFO: 客户端[::1]:46830已经连接, 当前客户端数量为1
2017/12/20 07:45:18 INFO: 客户端[::1]:46831已经连接, 当前客户端数量为1
2017/12/20 07:48:18 INFO: 客户端[::1]:46832已经连接, 当前客户端数量为1
2017/12/20 07:51:18 INFO: 客户端[::1]:46833已经连接, 当前客户端数量为1
2017/12/20 07:54:18 INFO: 客户端[::1]:46834已经连接, 当前客户端数量为1
2017/12/20 07:57:18 INFO: 客户端[::1]:46835已经连接, 当前客户端数量为1
[mysql] 2017/12/20 15:02:28 packets.go:36: read tcp 192.168.128.128:50582->180.76.172.99:3306: read: connection reset by peer
panic: invalid connection

goroutine 18 [running]:
gsxt/gsxt/creditd.checkErr(0xb843c0, 0xc42015c140)
	/root/crawler/goproj/src/gsxt/gsxt/creditd/mysqlDBHelper.go:75 +0x4a
gsxt/gsxt/creditd.QueryKeywordMsg(0x258, 0x0, 0x0)
	/root/crawler/goproj/src/gsxt/gsxt/creditd/mysqlDBHelper.go:229 +0x355
gsxt/gsxt/internal/generator.(*Mysql).Do.func1(0xc420157e00)
	/root/crawler/goproj/src/gsxt/gsxt/internal/generator/mysql.go:28 +0x4d
created by gsxt/gsxt/internal/generator.(*Mysql).Do
	/root/crawler/goproj/src/gsxt/gsxt/internal/generator/mysql.go:25 +0x3f
