nohup: ignoring input
2017/09/26 07:57:57 INFO: ç›‘å¬åœ°å€:8240æˆåŠŸ
2017/09/26 07:57:57 INFO: å¼€å§‹æœç´¢åŒºåˆ’ç  - 530000
2017/09/26 07:58:00 INFO: å®¢æˆ·ç«¯[::1]:41704å·²ç»è¿æ¥, å½“å‰å®¢æˆ·ç«¯æ•°é‡ä¸º1
2017/09/26 07:58:00 INFO: å®¢æˆ·ç«¯[::1]:41704åˆ†å‘ä»»åŠ¡yunnan-530000000000009
2017/09/26 07:58:00 INFO: å®¢æˆ·ç«¯[::1]:41704åˆ†å‘ä»»åŠ¡yunnan-530000000000017
2017/09/26 07:58:23 INFO: å®¢æˆ·ç«¯[::1]:41704å“åº”yunnan-530000000000017-FAIL-0
2017/09/26 07:58:23 INFO: å®¢æˆ·ç«¯[::1]:41704å“åº”yunnan-530000000000009-FAIL-0
2017/09/26 07:58:23 INFO: å®¢æˆ·ç«¯[::1]:41704åˆ†å‘ä»»åŠ¡yunnan-530000000000025
2017/09/26 07:58:23 INFO: å®¢æˆ·ç«¯[::1]:41704åˆ†å‘ä»»åŠ¡yunnan-530000000000033
2017/09/26 07:58:46 INFO: å®¢æˆ·ç«¯[::1]:41704å“åº”yunnan-530000000000033-FAIL-0
2017/09/26 07:58:46 INFO: å®¢æˆ·ç«¯[::1]:41704å“åº”yunnan-530000000000025-FAIL-0
2017/09/26 07:58:46 INFO: å®¢æˆ·ç«¯[::1]:41704åˆ†å‘ä»»åŠ¡yunnan-530000000000041
2017/09/26 07:58:46 INFO: å®¢æˆ·ç«¯[::1]:41704åˆ†å‘ä»»åŠ¡yunnan-530000000000050
2017/09/26 07:59:10 INFO: å®¢æˆ·ç«¯[::1]:41704å“åº”yunnan-530000000000050-FAIL-0
2017/09/26 07:59:10 INFO: å®¢æˆ·ç«¯[::1]:41704å“åº”yunnan-530000000000041-FAIL-0
2017/09/26 07:59:10 INFO: å®¢æˆ·ç«¯[::1]:41704åˆ†å‘ä»»åŠ¡yunnan-530000000000068
2017/09/26 07:59:10 INFO: å®¢æˆ·ç«¯[::1]:41704åˆ†å‘ä»»åŠ¡yunnan-530000000000076
2017/09/26 07:59:33 INFO: å®¢æˆ·ç«¯[::1]:41704å“åº”yunnan-530000000000068-FAIL-0
2017/09/26 07:59:33 INFO: å®¢æˆ·ç«¯[::1]:41704å“åº”yunnan-530000000000076-FAIL-0
2017/09/26 07:59:33 INFO: å®¢æˆ·ç«¯[::1]:41704åˆ†å‘ä»»åŠ¡yunnan-530000000000084
2017/09/26 07:59:33 INFO: å®¢æˆ·ç«¯[::1]:41704åˆ†å‘ä»»åŠ¡yunnan-530000000000092
2017/09/26 07:59:56 INFO: å®¢æˆ·ç«¯[::1]:41704å“åº”yunnan-530000000000084-FAIL-0
2017/09/26 07:59:56 INFO: å®¢æˆ·ç«¯[::1]:41704å“åº”yunnan-530000000000092-FAIL-0
2017/09/26 07:59:56 INFO: å®¢æˆ·ç«¯[::1]:41704åˆ†å‘ä»»åŠ¡yunnan-530000000000105
2017/09/26 07:59:56 INFO: å®¢æˆ·ç«¯[::1]:41704åˆ†å‘ä»»åŠ¡yunnan-530000000000113
2017/09/26 08:00:19 INFO: å®¢æˆ·ç«¯[::1]:41704å“åº”yunnan-530000000000105-FAIL-0
2017/09/26 08:00:19 INFO: å®¢æˆ·ç«¯[::1]:41704å“åº”yunnan-530000000000113-FAIL-0
2017/09/26 08:00:19 INFO: å®¢æˆ·ç«¯[::1]:41704åˆ†å‘ä»»åŠ¡yunnan-530000000000121
2017/09/26 08:00:19 INFO: å®¢æˆ·ç«¯[::1]:41704åˆ†å‘ä»»åŠ¡yunnan-530000000000130
¢530000000000041:0å¤±è´¥ - Get http://www.gsxt.gov.cn/SearchItemCaptcha: proxyconnect tcp: dial tcp 60.184.206.173:28049: getsockopt: connection refused
2017/09/26 07:59:07 WARN: æœç´¢530000000000050:0å¤±è´¥ - Get http://www.gsxt.gov.cn/SearchItemCaptcha: proxyconnect tcp: dial tcp 60.184.206.173:28049: getsockopt: connection refused
2017/09/26 07:59:10 INFO: å¼€å§‹æœç´¢0 - 530000000000076
qg.Host + path: http://www.gsxt.gov.cn/SearchItemCaptcha
2017/09/26 07:59:10 INFO: å¼€å§‹æœç´¢0 - 530000000000068
qg.Host + path: http://www.gsxt.gov.cn/SearchItemCaptcha
2017/09/26 07:59:31 WARN: æœç´¢530000000000076:0å¤±è´¥ - Get http://www.gsxt.gov.cn/SearchItemCaptcha: proxyconnect tcp: dial tcp 60.184.206.173:28049: getsockopt: connection refused
2017/09/26 07:59:31 WARN: æœç´¢530000000000068:0å¤±è´¥ - Get http://www.gsxt.gov.cn/SearchItemCaptcha: proxyconnect tcp: dial tcp 60.184.206.173:28049: getsockopt: connection refused
2017/09/26 07:59:33 INFO: å¼€å§‹æœç´¢0 - 530000000000092
qg.Host + path: http://www.gsxt.gov.cn/SearchItemCaptcha
2017/09/26 07:59:33 INFO: å¼€å§‹æœç´¢0 - 530000000000084
qg.Host + path: http://www.gsxt.gov.cn/SearchItemCaptcha
2017/09/26 07:59:54 WARN: æœç´¢530000000000092:0å¤±è´¥ - Get http://www.gsxt.gov.cn/SearchItemCaptcha: proxyconnect tcp: dial tcp 60.184.206.173:28049: getsockopt: connection refused
2017/09/26 07:59:54 WARN: æœç´¢530000000000084:0å¤±è´¥ - Get http://www.gsxt.gov.cn/SearchItemCaptcha: proxyconnect tcp: dial tcp 60.184.206.173:28049: getsockopt: connection refused
2017/09/26 07:59:56 INFO: å¼€å§‹æœç´¢0 - 530000000000113
qg.Host + path: http://www.gsxt.gov.cn/SearchItemCaptcha
2017/09/26 07:59:56 INFO: å¼€å§‹æœç´¢0 - 530000000000105
qg.Host + path: http://www.gsxt.gov.cn/SearchItemCaptcha
2017/09/26 08:00:17 WARN: æœç´¢530000000000113:0å¤±è´¥ - Get http://www.gsxt.gov.cn/SearchItemCaptcha: proxyconnect tcp: dial tcp 60.184.206.173:28049: getsockopt: connection refused
2017/09/26 08:00:17 WARN: æœç´¢530000000000105:0å¤±è´¥ - Get http://www.gsxt.gov.cn/SearchItemCaptcha: proxyconnect tcp: dial tcp 60.184.206.173:28049: getsockopt: connection refused
2017/09/26 08:00:19 INFO: å¼€å§‹æœç´¢0 - 530000000000130
qg.Host + path: http://www.gsxt.gov.cn/SearchItemCaptcha
2017/09/26 08:00:19 INFO: å¼€å§‹æœç´¢0 - 530000000000121
qg.Host + path: http://www.gsxt.gov.cn/SearchItemCaptcha
2017/09/26 08:00:37 ERROR: æ¥æ”¶æ¶ˆæ¯å¤±è´¥ - EOF
2017/09/26 08:00:37 ERROR: è¿æ¥æœåŠ¡ç«¯localhost:8240å¤±è´¥ï¼Œ10såé‡è¿ - dial tcp [::1]:8240: getsockopt: connection refused
2017/09/26 08:00:40 WARN: æœç´¢530000000000130:0å¤±è´¥ - Get http://www.gsxt.gov.cn/SearchItemCaptcha: proxyconnect tcp: dial tcp 60.184.206.173:28049: getsockopt: connection refused
2017/09/26 08:00:40 WARN: æœç´¢530000000000121:0å¤±è´¥ - Get http://www.gsxt.gov.cn/SearchItemCaptcha: proxyconnect tcp: dial tcp 60.184.206.173:28049: getsockopt: connection refused
2017/09/26 08:00:47 ERROR: è¿æ¥æœåŠ¡ç«¯localhost:8240å¤±è´¥ï¼Œ10såé‡è¿ - dial tcp [::1]:8240: getsockopt: connection refused
